<?xml version="1.0" encoding="UTF-8"?>
<coverage generated="1750522981519" clover="3.2.0">
  <project timestamp="1750522981520" name="All files">
    <metrics statements="10" coveredstatements="10" conditionals="5" coveredconditionals="5" methods="5" coveredmethods="5" elements="20" coveredelements="20" complexity="0" loc="10" ncloc="10" packages="1" files="1" classes="1"/>
    <file name="AppCard.jsx" path="C:\Users\marvi\Desktop\Escritorio\DS2\DevOps-Final\frontend\src\components\AppCard.jsx">
      <metrics statements="10" coveredstatements="10" conditionals="5" coveredconditionals="5" methods="5" coveredmethods="5"/>
      <line num="5" count="1" type="stmt"/>
      <line num="6" count="4" type="stmt"/>
      <line num="8" count="4" type="stmt"/>
      <line num="10" count="3" type="stmt"/>
      <line num="12" count="1" type="stmt"/>
      <line num="15" count="1" type="stmt"/>
      <line num="20" count="4" type="cond" truecount="5" falsecount="0"/>
      <line num="21" count="3" type="stmt"/>
      <line num="25" count="1" type="stmt"/>
      <line num="33" count="2" type="stmt"/>
    </file>
  </project>
</coverage>
