{"C:\\Users\\marvi\\Desktop\\Escritorio\\DS2\\DevOps-Final\\frontend\\src\\components\\AppTitle.jsx": {"path":"C:\\Users\\marvi\\Desktop\\Escritorio\\DS2\\DevOps-Final\\frontend\\src\\components\\AppTitle.jsx","statementMap":{"0":{"start":{"line":3,"column":17},"end":{"line":9,"column":1}},"1":{"start":{"line":4,"column":4},"end":{"line":8,"column":6}}},"fnMap":{"0":{"name":"(anonymous_0)","decl":{"start":{"line":3,"column":17},"end":{"line":3,"column":18}},"loc":{"start":{"line":3,"column":21},"end":{"line":9,"column":1}},"line":3}},"branchMap":{},"s":{"0":1,"1":1},"f":{"0":1},"b":{},"_coverageSchema":"1a1c01bbd47fc00a2c39e90264f33305004495a9","hash":"89ec7890e00e0063f955772c2ea17c005f000e23"}
}
