{"C:\\Users\\marvi\\Desktop\\Escritorio\\DS2\\DevOps-Final\\frontend\\src\\components\\AppCard.jsx": {"path":"C:\\Users\\marvi\\Desktop\\Escritorio\\DS2\\DevOps-Final\\frontend\\src\\components\\AppCard.jsx","statementMap":{"0":{"start":{"line":5,"column":16},"end":{"line":39,"column":1}},"1":{"start":{"line":6,"column":34},"end":{"line":6,"column":44}},"2":{"start":{"line":8,"column":4},"end":{"line":17,"column":22}},"3":{"start":{"line":10,"column":6},"end":{"line":16,"column":9}},"4":{"start":{"line":12,"column":10},"end":{"line":12,"column":36}},"5":{"start":{"line":15,"column":10},"end":{"line":15,"column":63}},"6":{"start":{"line":20,"column":4},"end":{"line":22,"column":5}},"7":{"start":{"line":21,"column":6},"end":{"line":21,"column":40}},"8":{"start":{"line":25,"column":4},"end":{"line":38,"column":6}},"9":{"start":{"line":33,"column":16},"end":{"line":33,"column":56}}},"fnMap":{"0":{"name":"(anonymous_0)","decl":{"start":{"line":5,"column":16},"end":{"line":5,"column":17}},"loc":{"start":{"line":5,"column":35},"end":{"line":39,"column":1}},"line":5},"1":{"name":"(anonymous_1)","decl":{"start":{"line":8,"column":14},"end":{"line":8,"column":15}},"loc":{"start":{"line":8,"column":20},"end":{"line":17,"column":5}},"line":8},"2":{"name":"(anonymous_2)","decl":{"start":{"line":11,"column":12},"end":{"line":11,"column":13}},"loc":{"start":{"line":11,"column":26},"end":{"line":13,"column":7}},"line":11},"3":{"name":"(anonymous_3)","decl":{"start":{"line":14,"column":13},"end":{"line":14,"column":14}},"loc":{"start":{"line":14,"column":24},"end":{"line":16,"column":7}},"line":14},"4":{"name":"(anonymous_4)","decl":{"start":{"line":32,"column":39},"end":{"line":32,"column":40}},"loc":{"start":{"line":33,"column":16},"end":{"line":33,"column":56}},"line":33}},"branchMap":{"0":{"loc":{"start":{"line":20,"column":4},"end":{"line":22,"column":5}},"type":"if","locations":[{"start":{"line":20,"column":4},"end":{"line":22,"column":5}},{"start":{},"end":{}}],"line":20},"1":{"loc":{"start":{"line":20,"column":8},"end":{"line":20,"column":55}},"type":"binary-expr","locations":[{"start":{"line":20,"column":8},"end":{"line":20,"column":16}},{"start":{"line":20,"column":20},"end":{"line":20,"column":33}},{"start":{"line":20,"column":37},"end":{"line":20,"column":55}}],"line":20}},"s":{"0":1,"1":4,"2":4,"3":3,"4":1,"5":1,"6":4,"7":3,"8":1,"9":2},"f":{"0":4,"1":3,"2":1,"3":1,"4":2},"b":{"0":[3,1],"1":[4,1,1]},"_coverageSchema":"1a1c01bbd47fc00a2c39e90264f33305004495a9","hash":"1eeceb85f5b8a522d151a9960f1cd9b5108633e1"}
}
